<?xml version="1.0" encoding="UTF-8"?>
<!-- Generated by org.testng.reporters.JUnitReportReporter -->
<testsuite hostname="DESKTOP-ECIJ5C5" name="testngpractice.HalfEbay" tests="4" failures="0" timestamp="23 Aug 2019 19:03:42 GMT" time="99.684" errors="0">
  <testcase name="HalfEbayTest" time="23.921" classname="testngpractice.HalfEbay"/>
  <testcase name="HalfEbayTest" time="25.501" classname="testngpractice.HalfEbay"/>
  <testcase name="HalfEbayTest" time="33.379" classname="testngpractice.HalfEbay"/>
  <testcase name="HalfEbayTest" time="16.883" classname="testngpractice.HalfEbay"/>
</testsuite> <!-- testngpractice.HalfEbay -->
