<?xml version="1.0" encoding="UTF-8"?>
<!-- Generated by org.testng.reporters.JUnitReportReporter -->
<testsuite hostname="DESKTOP-ECIJ5C5" name="testngpractice.TestNGBasic" tests="2" failures="0" timestamp="22 Aug 2019 06:44:42 GMT" time="0.021" errors="0">
  <testcase name="titletest" time="0.006" classname="testngpractice.TestNGBasic"/>
  <testcase name="bounce" time="0.015" classname="testngpractice.TestNGBasic"/>
</testsuite> <!-- testngpractice.TestNGBasic -->
