<?xml version="1.0" encoding="UTF-8"?>
<!-- Generated by org.testng.reporters.JUnitReportReporter -->
<testsuite hostname="DEBOMALYA-PC" name="com.crm.qa.testcases.HomePageTest" tests="3" failures="0" timestamp="30 May 2019 05:53:31 GMT" time="100.943" errors="0">
  <testcase name="homePageTitleTest" time="27.390" classname="com.crm.qa.testcases.HomePageTest"/>
  <testcase name="verifyContactPageTest" time="41.610" classname="com.crm.qa.testcases.HomePageTest"/>
  <testcase name="verifyUserNameTest" time="31.943" classname="com.crm.qa.testcases.HomePageTest"/>
</testsuite> <!-- com.crm.qa.testcases.HomePageTest -->
