<?xml version="1.0" encoding="UTF-8"?>
<!-- Generated by org.testng.reporters.JUnitReportReporter -->
<testsuite hostname="Dell-Inspiron-5559" name="testngpractice.HalfEbay" tests="5" failures="0" timestamp="26 Aug 2019 10:06:58 GMT" time="155.858" errors="0">
  <testcase name="HalfEbayTest" time="61.718" classname="testngpractice.HalfEbay"/>
  <testcase name="HalfEbayTest" time="17.645" classname="testngpractice.HalfEbay"/>
  <testcase name="HalfEbayTest" time="25.888" classname="testngpractice.HalfEbay"/>
  <testcase name="HalfEbayTest" time="33.829" classname="testngpractice.HalfEbay"/>
  <testcase name="HalfEbayTest" time="16.778" classname="testngpractice.HalfEbay"/>
</testsuite> <!-- testngpractice.HalfEbay -->
