<?xml version="1.0" encoding="UTF-8"?>
<!-- Generated by org.testng.reporters.JUnitReportReporter -->
<testsuite skipped="0" hostname="Dell-Inspiron-5559" name="ListnersDemo.TestCaseDummy" tests="1" failures="0" timestamp="2019-08-27T17:11:22 IST" time="9.984" errors="0">
  <testcase name="googleTitleTest" time="9.984" classname="ListnersDemo.TestCaseDummy"/>
</testsuite> <!-- ListnersDemo.TestCaseDummy -->
