<?xml version="1.0" encoding="UTF-8"?>
<!-- Generated by org.testng.reporters.JUnitReportReporter -->
<testsuite skipped="0" hostname="Dell-Inspiron-5559" name="testngpractice.NaukriPopUpHandler" tests="1" failures="0" timestamp="2019-08-27T21:50:34 IST" time="16.807" errors="0">
  <testcase name="test" time="16.807" classname="testngpractice.NaukriPopUpHandler"/>
</testsuite> <!-- testngpractice.NaukriPopUpHandler -->
